<?xml version="1.0" encoding="UTF-8"?>
<testng-results skipped="0" failed="0" ignored="0" total="1" passed="1">
  <reporter-output>
  </reporter-output>
  <suite name="Command line suite" duration-ms="30" started-at="2020-01-24T11:02:47Z" finished-at="2020-01-24T11:02:47Z">
    <groups>
    </groups>
    <test name="Command line test" duration-ms="30" started-at="2020-01-24T11:02:47Z" finished-at="2020-01-24T11:02:47Z">
      <class name="com.jbk.RestAPI.AppTest">
        <test-method status="PASS" signature="testApp()[pri:0, instance:testApp(com.jbk.RestAPI.AppTest)]" name="testApp" duration-ms="7" started-at="2020-01-24T11:02:47Z" finished-at="2020-01-24T11:02:47Z">
          <reporter-output>
          </reporter-output>
        </test-method> <!-- testApp -->
      </class> <!-- com.jbk.RestAPI.AppTest -->
    </test> <!-- Command line test -->
  </suite> <!-- Command line suite -->
</testng-results>
