<?xml version="1.0" encoding="UTF-8"?>
<!-- Generated by org.testng.reporters.JUnitXMLReporter -->
<testsuite hostname="DESKTOP-V3FP7B6" ignored="0" name="Test" tests="7" failures="0" timestamp="25 Jan 2020 04:35:56 GMT" time="8.282" errors="0">
  <testcase name="BodyJson" time="3.711" classname="com.jbk.RestAPI.APITest"/>
  <testcase name="CheckCityInJsonResponse" time="4.241" classname="com.jbk.RestAPI.RestApiTestNG"/>
  <testcase name="CheckCityInJsonResponseJson" time="0.811" classname="com.jbk.RestAPI.RestApiTestNG"/>
  <testcase name="CheckWeatherDetails" time="0.845" classname="com.jbk.RestAPI.RestApiTestNG"/>
  <testcase name="CheckWeatherDetailsInvalidCity" time="0.732" classname="com.jbk.RestAPI.RestApiTestNG"/>
  <testcase name="CheckWeatherDetailsStatus" time="0.698" classname="com.jbk.RestAPI.RestApiTestNG"/>
  <testcase name="CheckWeatherMessageBody" time="0.732" classname="com.jbk.RestAPI.RestApiTestNG"/>
</testsuite> <!-- Test -->
