<?xml version="1.0" encoding="UTF-8"?>
<!-- Generated by org.testng.reporters.JUnitXMLReporter -->
<testsuite hostname="DESKTOP-V3FP7B6" ignored="0" name="Test" tests="6" failures="0" timestamp="24 Jan 2020 13:18:02 GMT" time="18.398" errors="0">
  <testcase name="CheckCityInJsonResponse" time="9.576" classname="com.jbk.RestAPI.RestApiTestNG"/>
  <testcase name="CheckCityInJsonResponseJson" time="2.004" classname="com.jbk.RestAPI.RestApiTestNG"/>
  <testcase name="CheckWeatherDetails" time="5.087" classname="com.jbk.RestAPI.RestApiTestNG"/>
  <testcase name="CheckWeatherDetailsInvalidCity" time="0.576" classname="com.jbk.RestAPI.RestApiTestNG"/>
  <testcase name="CheckWeatherDetailsStatus" time="0.571" classname="com.jbk.RestAPI.RestApiTestNG"/>
  <testcase name="CheckWeatherMessageBody" time="0.542" classname="com.jbk.RestAPI.RestApiTestNG"/>
</testsuite> <!-- Test -->
